\BOOKMARK [1][-]{section.1}{\376\377\000G\000o\000v\000e\000r\000n\000i\000n\000g\000\040\000E\000q\000u\000a\000t\000i\000o\000n\000s\000\040\000o\000f\000\040\000F\000l\000u\000i\000d\000\040\000M\000e\000c\000h\000a\000n\000i\000c\000s}{}% 1
\BOOKMARK [2][-]{subsection.1.1}{\376\377\000M\000a\000s\000s\000\040\000C\000o\000n\000s\000e\000r\000v\000a\000t\000i\000o\000n}{section.1}% 2
\BOOKMARK [2][-]{subsection.1.2}{\376\377\000E\000u\000l\000e\000r\000'\000s\000\040\000E\000q\000u\000a\000t\000i\000o\000n\000\040\000o\000f\000\040\000M\000o\000t\000i\000o\000n}{section.1}% 3
\BOOKMARK [2][-]{subsection.1.3}{\376\377\000V\000o\000r\000t\000i\000c\000i\000t\000y\000\040\000a\000n\000d\000\040\000i\000r\000r\000o\000t\000a\000t\000i\000o\000n\000a\000l\000\040\000F\000l\000o\000w}{section.1}% 4
\BOOKMARK [2][-]{subsection.1.4}{\376\377\000B\000o\000u\000n\000d\000a\000r\000y\000\040\000C\000o\000n\000d\000i\000t\000i\000o\000n\000s\000\040\000f\000o\000r\000\040\000w\000a\000t\000e\000r\000\040\000w\000a\000v\000e\000s}{section.1}% 5
\BOOKMARK [3][-]{subsubsection.1.4.1}{\376\377\000K\000i\000n\000e\000m\000a\000t\000i\000c\000\040\000C\000o\000n\000d\000i\000t\000i\000o\000n}{subsection.1.4}% 6
\BOOKMARK [3][-]{subsubsection.1.4.2}{\376\377\000D\000y\000n\000a\000m\000i\000c\000\040\000C\000o\000n\000d\000i\000t\000i\000o\000n}{subsection.1.4}% 7
\BOOKMARK [3][-]{subsubsection.1.4.3}{\376\377\000T\000h\000e\000\040\000B\000o\000t\000t\000o\000m\000\040\000C\000o\000n\000d\000i\000t\000i\000o\000n}{subsection.1.4}% 8
\BOOKMARK [3][-]{subsubsection.1.4.4}{\376\377\000I\000n\000t\000e\000g\000r\000a\000t\000e\000d\000\040\000M\000a\000s\000s\000\040\000C\000o\000n\000d\000i\000t\000i\000o\000n}{subsection.1.4}% 9
\BOOKMARK [1][-]{section.2}{\376\377\000D\000i\000m\000e\000n\000s\000i\000o\000n\000a\000l\000\040\000A\000n\000a\000l\000y\000s\000i\000s}{}% 10
\BOOKMARK [2][-]{subsection.2.1}{\376\377\000N\000o\000n\000d\000i\000m\000e\000n\000s\000i\000o\000n\000a\000l\000i\000s\000a\000t\000i\000o\000n}{section.2}% 11
\BOOKMARK [2][-]{subsection.2.2}{\376\377\000S\000c\000a\000l\000i\000n\000g\000\040\000o\000f\000\040\000V\000a\000r\000i\000a\000b\000l\000e\000s}{section.2}% 12
\BOOKMARK [2][-]{subsection.2.3}{\376\377\000M\000o\000d\000e\000l\000\040\000H\000i\000e\000r\000a\000r\000c\000h\000i\000e\000s}{section.2}% 13
\BOOKMARK [1][-]{section.3}{\376\377\000T\000h\000e\000\040\000S\000o\000l\000i\000t\000a\000r\000y\000\040\000W\000a\000v\000e\000\040\000a\000n\000d\000\040\000T\000h\000e\000\040\000K\000d\000V\000\040\000E\000q\000u\000a\000t\000i\000o\000n}{}% 14
\BOOKMARK [2][-]{subsection.3.1}{\376\377\000S\000o\000l\000i\000t\000a\000r\000y\000\040\000W\000a\000v\000e}{section.3}% 15
\BOOKMARK [3][-]{subsubsection.3.1.1}{\376\377\000E\000x\000p\000o\000n\000e\000n\000t\000i\000a\000l\000\040\000D\000e\000c\000a\000y}{subsection.3.1}% 16
\BOOKMARK [3][-]{subsubsection.3.1.2}{\376\377\000A\000s\000y\000m\000p\000t\000o\000t\000i\000c\000\040\000A\000n\000a\000l\000y\000s\000i\000s}{subsection.3.1}% 17
\BOOKMARK [2][-]{subsection.3.2}{\376\377\000K\000d\000V\000\040\000E\000q\000u\000a\000t\000i\000o\000n}{section.3}% 18
\BOOKMARK [1][-]{section.4}{\376\377\000M\000o\000d\000e\000l\000i\000n\000g\000\040\000t\000h\000e\000\040\0002\0000\0000\0004\000\040\000T\000s\000u\000n\000a\000m\000i}{}% 19
\BOOKMARK [2][-]{subsection.4.1}{\376\377\000D\000e\000s\000c\000r\000i\000p\000t\000i\000o\000n}{section.4}% 20
\BOOKMARK [2][-]{subsection.4.2}{\376\377\000L\000o\000n\000g\000\040\000W\000a\000v\000e\000,\000\040\000S\000h\000a\000l\000l\000o\000w\000\040\000W\000a\000t\000e\000r}{section.4}% 21
\BOOKMARK [2][-]{subsection.4.3}{\376\377\000G\000o\000v\000e\000r\000n\000i\000n\000g\000\040\000e\000q\000u\000a\000t\000i\000o\000n\000s}{section.4}% 22
\BOOKMARK [1][-]{appendix.A}{\376\377\000A\000p\000p\000e\000n\000d\000i\000x}{}% 23
\BOOKMARK [2][-]{subsection.A.1}{\376\377\000L\000e\000i\000b\000n\000i\000z\000\040\000R\000u\000l\000e\000\040\000o\000f\000\040\000I\000n\000t\000e\000g\000r\000a\000t\000i\000o\000n}{appendix.A}% 24
\BOOKMARK [2][-]{subsection.A.2}{\376\377\000I\000d\000e\000n\000t\000i\000t\000y\000\040\000f\000o\000r\000\040\000V\000o\000r\000t\000i\000c\000i\000t\000y}{appendix.A}% 25
\BOOKMARK [2][-]{subsection.A.3}{\376\377\000M\000i\000d\000d\000l\000e\000\040\000C\000u\000r\000v\000a\000t\000u\000r\000e\000\040\000o\000f\000\040\000a\000n\000\040\000I\000m\000p\000l\000i\000c\000i\000t\000\040\000F\000u\000n\000c\000t\000i\000o\000n}{appendix.A}% 26
